This is pdfTeX, Version 3.1415926-2.5-1.40.14 (TeX Live 2013/Debian) (format=latex 2015.11.26)  26 NOV 2015 18:46
entering extended mode
 restricted \write18 enabled.
 %&-line parsing enabled.
**grammar.tex
(./grammar.tex
LaTeX2e <2011/06/27>
Babel <3.9h> and hyphenation patterns for 2 languages loaded.
(/usr/share/texlive/texmf-dist/tex/latex/base/article.cls
Document Class: article 2007/10/19 v1.4h Standard LaTeX document class
(/usr/share/texlive/texmf-dist/tex/latex/base/size10.clo
File: size10.clo 2007/10/19 v1.4h Standard LaTeX file (size option)
)
\c@part=\count79
\c@section=\count80
\c@subsection=\count81
\c@subsubsection=\count82
\c@paragraph=\count83
\c@subparagraph=\count84
\c@figure=\count85
\c@table=\count86
\abovecaptionskip=\skip41
\belowcaptionskip=\skip42
\bibindent=\dimen102
)
(/usr/share/texlive/texmf-dist/tex/latex/mdwtools/syntax.sty
Package: syntax 1996/05/17 1.07 Syntax typesetting (MDW)
\grammarparsep=\skip43
\grammarindent=\dimen103
\sdstartspace=\skip44
\sdendspace=\skip45
\sdmidskip=\skip46
\sdtokskip=\skip47
\sdfinalskip=\skip48
\sdrulewidth=\dimen104
\sdcirclediam=\dimen105
\sdindent=\dimen106
) (./grammar.aux)
\openout1 = `grammar.aux'.

LaTeX Font Info:    Checking defaults for OML/cmm/m/it on input line 4.
LaTeX Font Info:    ... okay on input line 4.
LaTeX Font Info:    Checking defaults for T1/cmr/m/n on input line 4.
LaTeX Font Info:    ... okay on input line 4.
LaTeX Font Info:    Checking defaults for OT1/cmr/m/n on input line 4.
LaTeX Font Info:    ... okay on input line 4.
LaTeX Font Info:    Checking defaults for OMS/cmsy/m/n on input line 4.
LaTeX Font Info:    ... okay on input line 4.
LaTeX Font Info:    Checking defaults for OMX/cmex/m/n on input line 4.
LaTeX Font Info:    ... okay on input line 4.
LaTeX Font Info:    Checking defaults for U/cmr/m/n on input line 4.
LaTeX Font Info:    ... okay on input line 4.
LaTeX Font Info:    External font `cmex10' loaded for size
(Font)              <7> on input line 8.
LaTeX Font Info:    External font `cmex10' loaded for size
(Font)              <5> on input line 8.
LaTeX Font Info:    Try loading font information for OMS+cmr on input line 24.

(/usr/share/texlive/texmf-dist/tex/latex/base/omscmr.fd
File: omscmr.fd 1999/05/25 v2.5h Standard LaTeX font definitions
)
LaTeX Font Info:    Font shape `OMS/cmr/m/n' in size <10> not available
(Font)              Font shape `OMS/cmsy/m/n' tried instead on input line 24.
 [1

] (./grammar.aux) ) 
Here is how much of TeX's memory you used:
 383 strings out of 495029
 4185 string characters out of 6181522
 54433 words of memory out of 5000000
 3669 multiletter control sequences out of 15000+600000
 4462 words of font info for 17 fonts, out of 8000000 for 9000
 14 hyphenation exceptions out of 8191
 24i,4n,19p,157b,192s stack positions out of 5000i,500n,10000p,200000b,80000s

Output written on grammar.dvi (1 page, 2528 bytes).
